   C R Y S O N    Version 2.7  -- 06/11/09 
 
 
 -- Program  started  at   11-Oct-2016   13:52:40--
 
 --------  Real space resolution and grid  -------- 
 
  Maximum order of harmonics ............................ : 15
  Order of Fibonacci grid ............................... : 17
  Total number of directions ............................ : 2585
 
 ------------  Reciprocal space grid  -------------
 
   in s = 4*pi*sin(theta)/lambda [1/angstrom] 
  Maximum scattering angle .............................. : 0.3000
  Number of angular points .............................. : 31
Explicit hydrogen/deuterium used
 Perdeuteration, chain [X] (0<y<1) ...................... : 0.0
 D2O fraction in solvent ................................ : 1.000
 
 --- Structural parameters (sizes in angstroms) --- 
 
 PDB file name .......................................... : ./tmp//dum.pdb
  Number of atoms read .................................. : 6730
 Geometric Center:  -21.317  -31.206    3.119
 For 1752  zero directions radius    5.41 assumed
 Atomic     Rg   :  63.71       Envelope   Rg      :  61.00    
 Shape      Rg   :  64.31       Envelope  volume   : 0.1328E+06
 Shell    volume : 0.2226E+05   Envelope  surface  :  6817.    
 Shell      Rg   :  65.62       Envelope  radius   :  108.2    
 Shell    width  :  3.000       Envelope  diameter :  211.7    
 Molecular Weight: 0.4790E+05   Dry volume         : 0.5805E+05
 Displaced volume: 0.5933E+05   Average atomic rad.:  1.281    
 Solvent density :  6.404       Particle contrast  : -4.597    
 Number of residuals :               422
 
 -- No data fitting, parameters entered manually --
 
 Contrast of the solvation shell ........................ : 0.6404
 Average atomic radius .................................. : 1.282
 Excluded Volume ........................................ : 5.933e+4
 Solvent density ........................................ : 6.404
 Average atomic volume .................................. : 8.815
 Radius of gyration from atomic structure
 Rg ( Atoms - Excluded Volume + Shell ) ................. : 64.48
 Rg from the slope of net intensity ..................... : 63.49
  
 ----------------  Output files  ------------------
  
 Coefficients   saved to file dum00.flm
 CRYSON data    saved to file dum00.sav
Intensities    saved to file dum00.int
Net amplitudes saved to file dum00.alm
 
   C R Y S O N    Version 2.7  -- 06/11/09  ----  terminated at   11-Oct-2016   13:52:42--
