   C R Y S O L    Version 2.8  -- 16/02/11 
 
 
 -- Program  started  at   11-Oct-2016   13:44:45--
 
 --------  Real space resolution and grid  -------- 
 
  Maximum order of harmonics ............................ : 15
  Order of Fibonacci grid ............................... : 17
  Total number of directions ............................ : 2585
 
 ------------  Reciprocal space grid  -------------
 
   in s = 4*pi*sin(theta)/lambda [1/angstrom] 
  Maximum scattering angle .............................. : 0.3000
  Number of angular points .............................. : 31
 
 --- Structural parameters (sizes in angstroms) --- 
 
 PDB file name .......................................... : ./tmp//dum.pdb
  Number of atoms read .................................. : 3352
  Number of discarded hydrogens ......................... : 3378
 Geometric Center:  -16.495  -39.730   -5.063
  Number of carbons read ................................ : 2080
  Number of nitrogens read .............................. : 616
  Number of oxigens read ................................ : 632
  Number of sulfur atoms read ........................... : 24
 For 1821  zero directions radius    6.53 assumed
 Center of the excess electron density:  0.416  0.881 -0.674
 Electron   Rg   :  65.32       Envelope   Rg      :  63.09    
 Shape      Rg   :  65.29       Envelope  volume   : 0.1396E+06
 Shell    volume : 0.2260E+05   Envelope  surface  :  6919.    
 Shell      Rg   :  68.00       Envelope  radius   :  105.6    
 Shell    width  :  3.000       Envelope  diameter :  205.3    
 Molecular Weight: 0.4449E+05   Dry volume         : 0.5393E+05
 Displaced volume: 0.4199E+05   Average atomic rad.:  1.441    
 Number of residuals :     422
 
 -- No data fitting, parameters entered manually --
 
 Solvent density ........................................ : 0.3340
 Contrast of the solvation shell ........................ : 3.000e-2
 Average atomic radius .................................. : 1.441
 Excluded Volume ........................................ : 4.199e+4
 Average atomic volume .................................. : 12.53
 Radius of gyration from atomic structure
 Rg ( Atoms - Excluded volume + Shell ) ................. : 65.59
 Rg from the slope of net intensity ..................... : 65.08
 Average electron density ............................... : 0.5293
  
 ----------------  Output files  ------------------
  
 Coefficients   saved to file dum00.flm
 CRYSOL data    saved to file dum00.sav
 Intensities    saved to file dum00.int
 Net amplitudes saved to file dum00.alm
 
   C R Y S O L    Version 2.8  -- 16/02/11  ----  terminated at   11-Oct-2016   13:44:46--
