   C R Y S O L    Version 2.8  -- 16/02/11 
 
 
 -- Program  started  at   11-Oct-2016   13:07:41--
 
 --------  Real space resolution and grid  -------- 
 
  Maximum order of harmonics ............................ : 15
  Order of Fibonacci grid ............................... : 17
  Total number of directions ............................ : 2585
 
 ------------  Reciprocal space grid  -------------
 
   in s = 4*pi*sin(theta)/lambda [1/angstrom] 
  Maximum scattering angle .............................. : 0.3000
  Number of angular points .............................. : 31
 
 --- Structural parameters (sizes in angstroms) --- 
 
 PDB file name .......................................... : ./tmp//dum.pdb
  Number of atoms read .................................. : 3352
  Number of discarded hydrogens ......................... : 3378
 Geometric Center:  -23.742  -19.727    3.842
  Number of carbons read ................................ : 2080
  Number of nitrogens read .............................. : 616
  Number of oxigens read ................................ : 632
  Number of sulfur atoms read ........................... : 24
 For 1863  zero directions radius    6.19 assumed
 Center of the excess electron density:  0.319  0.516 -0.781
 Electron   Rg   :  61.91       Envelope   Rg      :  58.22    
 Shape      Rg   :  61.93       Envelope  volume   : 0.1339E+06
 Shell    volume : 0.2304E+05   Envelope  surface  :  7058.    
 Shell      Rg   :  63.45       Envelope  radius   :  103.9    
 Shell    width  :  3.000       Envelope  diameter :  201.6    
 Molecular Weight: 0.4449E+05   Dry volume         : 0.5393E+05
 Displaced volume: 0.4199E+05   Average atomic rad.:  1.441    
 Number of residuals :     422
 
 -- No data fitting, parameters entered manually --
 
 Solvent density ........................................ : 0.3340
 Contrast of the solvation shell ........................ : 3.000e-2
 Average atomic radius .................................. : 1.441
 Excluded Volume ........................................ : 4.199e+4
 Average atomic volume .................................. : 12.53
 Radius of gyration from atomic structure
 Rg ( Atoms - Excluded volume + Shell ) ................. : 61.99
 Rg from the slope of net intensity ..................... : 61.51
 Average electron density ............................... : 0.5293
  
 ----------------  Output files  ------------------
  
 Coefficients   saved to file dum00.flm
 CRYSOL data    saved to file dum00.sav
 Intensities    saved to file dum00.int
 Net amplitudes saved to file dum00.alm
 
   C R Y S O L    Version 2.8  -- 16/02/11  ----  terminated at   11-Oct-2016   13:07:41--
